<?xml version="1.0" encoding="UTF-8"?>
<testng-results skipped="0" failed="0" ignored="0" total="1" passed="1">
  <reporter-output>
  </reporter-output>
  <suite name="Default suite" duration-ms="44" started-at="2018-04-17T04:23:57Z" finished-at="2018-04-17T04:23:57Z">
    <groups>
    </groups>
    <test name="Default test" duration-ms="44" started-at="2018-04-17T04:23:57Z" finished-at="2018-04-17T04:23:57Z">
      <class name="com.dku.hangman.test.NewTest">
        <test-method status="PASS" signature="f()[pri:0, instance:com.dku.hangman.test.NewTest@6e1ec318]" name="f" duration-ms="11" started-at="2018-04-17T04:23:57Z" finished-at="2018-04-17T04:23:57Z">
          <reporter-output>
          </reporter-output>
        </test-method> <!-- f -->
      </class> <!-- com.dku.hangman.test.NewTest -->
    </test> <!-- Default test -->
  </suite> <!-- Default suite -->
</testng-results>
